  Source.c
c:\users\dávid\desktop\prog2-beadandó\pogram\kalandjatek\kalandjatek\kalandjatek\source.c(110): warning C4133: '=': incompatible types - from 'lista *' to 'lista *'
c:\users\dávid\desktop\prog2-beadandó\pogram\kalandjatek\kalandjatek\kalandjatek\source.c(118): warning C4133: 'function': incompatible types - from 'lista *' to 'lista *'
c:\users\dávid\desktop\prog2-beadandó\pogram\kalandjatek\kalandjatek\kalandjatek\source.c(138): warning C4133: '=': incompatible types - from 'lista *' to 'lista *'
c:\users\dávid\desktop\prog2-beadandó\pogram\kalandjatek\kalandjatek\kalandjatek\source.c(192): warning C4101: 'seged': unreferenced local variable
c:\users\dávid\desktop\prog2-beadandó\pogram\kalandjatek\kalandjatek\kalandjatek\source.c(249): warning C4133: '=': incompatible types - from 'lista *' to 'lista *'
c:\users\dávid\desktop\prog2-beadandó\pogram\kalandjatek\kalandjatek\kalandjatek\source.c(252): warning C4133: '=': incompatible types - from 'lista *' to 'lista *'
c:\users\dávid\desktop\prog2-beadandó\pogram\kalandjatek\kalandjatek\kalandjatek\source.c(253): warning C4133: '=': incompatible types - from 'lista *' to 'lista *'
c:\users\dávid\desktop\prog2-beadandó\pogram\kalandjatek\kalandjatek\kalandjatek\source.c(259): warning C4133: '=': incompatible types - from 'lista *' to 'lista *'
c:\users\dávid\desktop\prog2-beadandó\pogram\kalandjatek\kalandjatek\kalandjatek\source.c(260): warning C4133: '=': incompatible types - from 'lista *' to 'lista *'
c:\users\dávid\desktop\prog2-beadandó\pogram\kalandjatek\kalandjatek\kalandjatek\source.c(266): warning C4133: '=': incompatible types - from 'lista *' to 'lista *'
c:\users\dávid\desktop\prog2-beadandó\pogram\kalandjatek\kalandjatek\kalandjatek\source.c(277): warning C4133: '=': incompatible types - from 'lista *' to 'lista *'
c:\users\dávid\desktop\prog2-beadandó\pogram\kalandjatek\kalandjatek\kalandjatek\source.c(293): warning C4013: '_getche' undefined; assuming extern returning int
c:\users\dávid\desktop\prog2-beadandó\pogram\kalandjatek\kalandjatek\kalandjatek\source.c(332): warning C4133: '=': incompatible types - from 'targyak *' to 'targyak *'
c:\users\dávid\desktop\prog2-beadandó\pogram\kalandjatek\kalandjatek\kalandjatek\source.c(389): warning C4133: '=': incompatible types - from 'targyak *' to 'targyak *'
c:\users\dávid\desktop\prog2-beadandó\pogram\kalandjatek\kalandjatek\kalandjatek\source.c(403): warning C4133: '=': incompatible types - from 'targyak *' to 'targyak *'
c:\users\dávid\desktop\prog2-beadandó\pogram\kalandjatek\kalandjatek\kalandjatek\source.c(410): warning C4133: '=': incompatible types - from 'targyak *' to 'targyak *'
c:\users\dávid\desktop\prog2-beadandó\pogram\kalandjatek\kalandjatek\kalandjatek\source.c(439): warning C4133: '=': incompatible types - from 'lista *' to 'lista *'
c:\users\dávid\desktop\prog2-beadandó\pogram\kalandjatek\kalandjatek\kalandjatek\source.c(561): warning C4133: '=': incompatible types - from 'targyak *' to 'targyak *'
c:\users\dávid\desktop\prog2-beadandó\pogram\kalandjatek\kalandjatek\kalandjatek\source.c(552): warning C4715: 'jatek': not all control paths return a value
  kalandjatek.vcxproj -> C:\Users\Dávid\Desktop\prog2-beadandó\pogram\kalandjatek\kalandjatek\x64\Debug\kalandjatek.exe
